          INSERT TO ROOT

insert-mid

[ 10 30 ]

20

[ 10 20 30 ]


insert-left

[ 20 30 ]

10

[ 10 20 30 ]


insert-right

[ 10 20 ]

30

[ 10 20 30 ]

          FORCE ROOT TO SPLIT

insert-left

[ 10 20 30 ]

5

[ 20 ]
	[ 30 ]
	[ 5 10 ]



insert-middle-left

[ 10 20 30 ]

15

[ 20 ]
	[ 30 ]
	[ 10 15 ]



insert-middle-right

[ 10 20 30 ]

25

[ 20 ]
	[ 25 30 ]
	[ 10 ]



insert-right

[ 10 20 30 ]

35

[ 20 ]
	[ 30 35 ]
	[ 10 ]


          INTO LEVEL TWO NODE

insert-left-right

[ 20 ]
	[ 30 ]
	[ 5 10 ]


15

[ 20 ]
	[ 30 ]
	[ 5 10 15 ]



insert-right-left

[ 20 ]
	[ 30 ]
	[ 5 10 ]


25

[ 20 ]
	[ 25 30 ]
	[ 5 10 ]



insert-right-right

[ 20 ]
	[ 30 ]
	[ 5 10 ]


35

[ 20 ]
	[ 30 35 ]
	[ 5 10 ]



insert-left-left

[ 20 ]
	[ 30 ]
	[ 10 15 ]


5

[ 20 ]
	[ 30 ]
	[ 5 10 15 ]



insert-right-left

[ 20 ]
	[ 30 ]
	[ 10 15 ]


25

[ 20 ]
	[ 25 30 ]
	[ 10 15 ]



insert-right-right

[ 20 ]
	[ 30 ]
	[ 10 15 ]


35

[ 20 ]
	[ 30 35 ]
	[ 10 15 ]



insert-right-right

[ 20 ]
	[ 25 30 ]
	[ 10 ]


35

[ 20 ]
	[ 25 30 35 ]
	[ 10 ]



insert-left-left

[ 20 ]
	[ 25 30 ]
	[ 10 ]


5

[ 20 ]
	[ 25 30 ]
	[ 5 10 ]



insert-left-right

[ 20 ]
	[ 25 30 ]
	[ 10 ]


15

[ 20 ]
	[ 25 30 ]
	[ 10 15 ]



insert-right-left

[ 20 ]
	[ 30 35 ]
	[ 10 ]


25

[ 20 ]
	[ 25 30 35 ]
	[ 10 ]



insert-left-left

[ 20 ]
	[ 30 35 ]
	[ 10 ]


5

[ 20 ]
	[ 30 35 ]
	[ 5 10 ]



insert-left-right

[ 20 ]
	[ 30 35 ]
	[ 10 ]


15

[ 20 ]
	[ 30 35 ]
	[ 10 15 ]


          FORCE LEVEL TWO SPLIT

insert-left-right

[ 20 ]
	[ 30 ]
	[ 5 10 15 ]


7

	[ 30 ]
[ 10 20 ]
	[ 15 ]
	[ 5 7 ]



insert-left-left

[ 20 ]
	[ 30 ]
	[ 5 10 15 ]


3

	[ 30 ]
[ 10 20 ]
	[ 15 ]
	[ 3 5 ]



insert-middle-left

[ 20 ]
	[ 30 ]
	[ 5 10 15 ]


13

	[ 30 ]
[ 10 20 ]
	[ 13 15 ]
	[ 5 ]



insert-middle-right

[ 20 ]
	[ 30 ]
	[ 5 10 15 ]


18

	[ 30 ]
[ 10 20 ]
	[ 15 18 ]
	[ 5 ]



insert-right-left

[ 20 ]
	[ 25 30 35 ]
	[ 10 ]


33

	[ 33 35 ]
[ 20 30 ]
	[ 25 ]
	[ 10 ]



insert-right-right

[ 20 ]
	[ 25 30 35 ]
	[ 10 ]


37

	[ 35 37 ]
[ 20 30 ]
	[ 25 ]
	[ 10 ]



insert-middle-right

[ 20 ]
	[ 25 30 35 ]
	[ 10 ]


27

	[ 35 ]
[ 20 30 ]
	[ 25 27 ]
	[ 10 ]



insert-middle-left

[ 20 ]
	[ 25 30 35 ]
	[ 10 ]


23

	[ 35 ]
[ 20 30 ]
	[ 23 25 ]
	[ 10 ]


          INTO THREE LEVEL TWO NODES

insert-left-left

	[ 30 ]
[ 10 20 ]
	[ 15 ]
	[ 5 7 ]


1

	[ 30 ]
[ 10 20 ]
	[ 15 ]
	[ 1 5 7 ]



insert-left-right

	[ 30 ]
[ 10 20 ]
	[ 15 ]
	[ 5 7 ]


8

	[ 30 ]
[ 10 20 ]
	[ 15 ]
	[ 5 7 8 ]



insert-middle-left

	[ 30 ]
[ 10 20 ]
	[ 15 ]
	[ 5 7 ]


12

	[ 30 ]
[ 10 20 ]
	[ 12 15 ]
	[ 5 7 ]



insert-middle-right

	[ 30 ]
[ 10 20 ]
	[ 15 ]
	[ 5 7 ]


16

	[ 30 ]
[ 10 20 ]
	[ 15 16 ]
	[ 5 7 ]



insert-right-left

	[ 30 ]
[ 10 20 ]
	[ 15 ]
	[ 5 7 ]


25

	[ 25 30 ]
[ 10 20 ]
	[ 15 ]
	[ 5 7 ]



insert-right-right

	[ 30 ]
[ 10 20 ]
	[ 15 ]
	[ 5 7 ]


35

	[ 30 35 ]
[ 10 20 ]
	[ 15 ]
	[ 5 7 ]



insert-left-middle

	[ 30 ]
[ 10 20 ]
	[ 15 ]
	[ 5 7 ]


6

	[ 30 ]
[ 10 20 ]
	[ 15 ]
	[ 5 6 7 ]



insert-middle-middle

	[ 30 ]
[ 10 20 ]
	[ 13 15 ]
	[ 5 ]


14

	[ 30 ]
[ 10 20 ]
	[ 13 14 15 ]
	[ 5 ]



insert-right-middle

	[ 33 35 ]
[ 20 30 ]
	[ 25 ]
	[ 10 ]


34

	[ 33 34 35 ]
[ 20 30 ]
	[ 25 ]
	[ 10 ]


          FORCE LEVEL TWO SPLIT CREATE FOUR CHILDREN

insert-right-middle-right

	[ 30 ]
[ 10 20 ]
	[ 15 17 18 ]
	[ 5 ]


19

	[ 30 ]
	[ 18 19 ]
[ 10 17 20 ]
	[ 15 ]
	[ 5 ]



insert-right-middle-left

	[ 30 ]
[ 10 20 ]
	[ 15 16 19 ]
	[ 5 ]


17

	[ 30 ]
	[ 17 19 ]
[ 10 16 20 ]
	[ 15 ]
	[ 5 ]



insert-right-right-right

	[ 30 35 40 ]
[ 10 20 ]
	[ 15 19 ]
	[ 5 ]


42

	[ 40 42 ]
	[ 30 ]
[ 10 20 35 ]
	[ 15 19 ]
	[ 5 ]



insert-right-right-left

	[ 30 35 40 ]
[ 10 20 ]
	[ 15 19 ]
	[ 5 ]


38

	[ 38 40 ]
	[ 30 ]
[ 10 20 35 ]
	[ 15 19 ]
	[ 5 ]



insert-left-left-right

	[ 30 ]
[ 10 20 ]
	[ 15 19 ]
	[ 0 4 5 ]


3

	[ 30 ]
	[ 15 19 ]
[ 4 10 20 ]
	[ 5 ]
	[ 0 3 ]



insert-left-left-left

	[ 30 ]
[ 10 20 ]
	[ 15 19 ]
	[ 1 3 6 ]


0

	[ 30 ]
	[ 15 19 ]
[ 3 10 20 ]
	[ 6 ]
	[ 0 1 ]



insert-left-middle-left

	[ 30 ]
[ 10 20 ]
	[ 15 17 18 ]
	[ 5 ]


13

	[ 30 ]
	[ 18 ]
[ 10 17 20 ]
	[ 13 15 ]
	[ 5 ]



insert-left-middle-right

	[ 30 ]
[ 10 20 ]
	[ 15 17 18 ]
	[ 5 ]


16

	[ 30 ]
	[ 18 ]
[ 10 17 20 ]
	[ 15 16 ]
	[ 5 ]


          EXTRA: FORCE SPLIT ROOT ADD TO LEVEL THREE

insert-left

	[ 40 ]
	[ 31 33 ]
[ 20 30 35 ]
	[ 25 ]
	[ 10 ]


5

[ 30 ]
	[ 35 ]
		[ 40 ]
		[ 31 33 ]

	[ 20 ]
		[ 25 ]
		[ 5 10 ]




insert-middle-left

	[ 40 ]
	[ 32 33 ]
[ 20 30 35 ]
	[ 25 ]
	[ 10 ]


22

[ 30 ]
	[ 35 ]
		[ 40 ]
		[ 32 33 ]

	[ 20 ]
		[ 22 25 ]
		[ 10 ]




insert-middle-right

	[ 40 ]
	[ 32 33 ]
[ 20 30 35 ]
	[ 25 ]
	[ 10 ]


32

Insert :: no duplicates

[ 30 ]
	[ 35 ]
		[ 40 ]
		[ 32 33 ]

	[ 20 ]
		[ 25 ]
		[ 10 ]




insert-right

	[ 40 ]
	[ 31 33 ]
[ 20 30 35 ]
	[ 25 ]
	[ 10 ]


50

[ 30 ]
	[ 35 ]
		[ 40 50 ]
		[ 31 33 ]

	[ 20 ]
		[ 25 ]
		[ 10 ]



          EXTRA: DUPLICATES

large-duplicate

	[ 33 40 ]
	[ 11 ]
[ 2 10 20 ]
	[ 3 9 ]
	[ 1 ]


10

Insert :: no duplicates

	[ 33 40 ]
	[ 11 ]
[ 2 10 20 ]
	[ 3 9 ]
	[ 1 ]



small-duplicate

[ 20 30 ]

20

Insert :: no duplicates

[ 20 30 ]

          EXTRA: FANCY PATTERN. NO ODDS ARE ARE NOT LEAFS AND BASE 2 NUMBERS ARE IN ROOT
	[ 80 ]
		[ 88 ]
			[ 92 ]
					[ 99 100 ]
					[ 97 ]
				[ 94 96 98 ]
					[ 95 ]
					[ 93 ]

				[ 90 ]
					[ 91 ]
					[ 89 ]


			[ 84 ]
				[ 86 ]
					[ 87 ]
					[ 85 ]

				[ 82 ]
					[ 83 ]
					[ 81 ]



		[ 72 ]
			[ 76 ]
				[ 78 ]
					[ 79 ]
					[ 77 ]

				[ 74 ]
					[ 75 ]
					[ 73 ]


			[ 68 ]
				[ 70 ]
					[ 71 ]
					[ 69 ]

				[ 66 ]
					[ 67 ]
					[ 65 ]




[ 32 64 ]
	[ 48 ]
		[ 56 ]
			[ 60 ]
				[ 62 ]
					[ 63 ]
					[ 61 ]

				[ 58 ]
					[ 59 ]
					[ 57 ]


			[ 52 ]
				[ 54 ]
					[ 55 ]
					[ 53 ]

				[ 50 ]
					[ 51 ]
					[ 49 ]



		[ 40 ]
			[ 44 ]
				[ 46 ]
					[ 47 ]
					[ 45 ]

				[ 42 ]
					[ 43 ]
					[ 41 ]


			[ 36 ]
				[ 38 ]
					[ 39 ]
					[ 37 ]

				[ 34 ]
					[ 35 ]
					[ 33 ]




	[ 16 ]
		[ 24 ]
			[ 28 ]
				[ 30 ]
					[ 31 ]
					[ 29 ]

				[ 26 ]
					[ 27 ]
					[ 25 ]


			[ 20 ]
				[ 22 ]
					[ 23 ]
					[ 21 ]

				[ 18 ]
					[ 19 ]
					[ 17 ]



		[ 8 ]
			[ 12 ]
				[ 14 ]
					[ 15 ]
					[ 13 ]

				[ 10 ]
					[ 11 ]
					[ 9 ]


			[ 4 ]
				[ 6 ]
					[ 7 ]
					[ 5 ]

				[ 2 ]
					[ 3 ]
					[ 1 ]





